<?xml version="1.0" encoding="UTF-8"?>
<!-- Generated by org.testng.reporters.JUnitReportReporter -->
<testsuite hostname="DEVU" failures="0" tests="1" name="com.demoshop.test.ExcelRegisterationTest" time="15.352" errors="0" timestamp="2024-10-11T09:56:49 IST" skipped="0">
  <testcase classname="com.demoshop.test.ExcelRegisterationTest" name="verifyUserIsAbleToRegisterUsingCorrectCreds" time="15.352"/>
</testsuite> <!-- com.demoshop.test.ExcelRegisterationTest -->
