<?xml version="1.0" encoding="UTF-8"?>
<!-- Generated by org.testng.reporters.JUnitReportReporter -->
<testsuite hostname="DEVU" failures="0" tests="1" name="com.demoshop.test.RegisterationTest" time="26.119" errors="0" timestamp="2024-09-25T12:14:21 IST" skipped="0">
  <testcase classname="com.demoshop.test.RegisterationTest" name="verifyUserIsAbleToRegisterUsingCorrectCreds" time="26.119"/>
</testsuite> <!-- com.demoshop.test.RegisterationTest -->
