<?xml version="1.0" encoding="UTF-8"?>
<!-- Generated by org.testng.reporters.JUnitReportReporter -->
<testsuite hostname="DEVU" failures="0" tests="1" name="com.demoshop.test.SubscriptionTest" time="11.633" errors="0" timestamp="2024-09-26T13:39:13 IST" skipped="0">
  <testcase classname="com.demoshop.test.SubscriptionTest" name="verifyUserIsAbleToSubscribeWithValidEmail" time="11.633"/>
</testsuite> <!-- com.demoshop.test.SubscriptionTest -->
