<?xml version="1.0" encoding="UTF-8"?>
<!-- Generated by org.testng.reporters.JUnitReportReporter -->
<testsuite hostname="DEVU" failures="0" tests="1" name="com.demoshop.test.LoginTest" time="7.343" errors="0" timestamp="2024-10-10T23:23:34 IST" skipped="0">
  <testcase classname="com.demoshop.test.LoginTest" name="verifyUserIsAbleToLoginWithValidCreds" time="7.343"/>
</testsuite> <!-- com.demoshop.test.LoginTest -->
