<?xml version="1.0" encoding="UTF-8"?>
<!-- Generated by org.testng.reporters.JUnitReportReporter -->
<testsuite hostname="DEVU" failures="0" tests="1" name="com.demoshop.test.LoginTest" time="26.637" errors="0" timestamp="2024-10-04T11:19:11 IST" skipped="0">
  <testcase classname="com.demoshop.test.LoginTest" name="verifyUserIsAbleToLoginWithValidCreds" time="26.637"/>
</testsuite> <!-- com.demoshop.test.LoginTest -->
