<?xml version="1.0" encoding="UTF-8"?>
<!-- Generated by org.testng.reporters.JUnitReportReporter -->
<testsuite hostname="DEVU" failures="0" tests="1" name="com.demoshop.test.ExcelRegisterationTest" time="56.107" errors="0" timestamp="2024-10-15T21:19:38 IST" skipped="0">
  <testcase classname="com.demoshop.test.ExcelRegisterationTest" name="verifyUserIsAbleToRegisterUsingCorrectCreds" time="56.107"/>
</testsuite> <!-- com.demoshop.test.ExcelRegisterationTest -->
