<?xml version="1.0" encoding="UTF-8"?>
<!-- Generated by org.testng.reporters.JUnitReportReporter -->
<testsuite hostname="DEVU" failures="0" tests="1" name="com.demoshop.test.RegisterationDP2" time="83.057" errors="0" timestamp="2024-10-15T21:19:38 IST" skipped="0">
  <testcase classname="com.demoshop.test.RegisterationDP2" name="verifyUserIsAbleToMultipleRegisterUsingCorrectCreds" time="83.057"/>
</testsuite> <!-- com.demoshop.test.RegisterationDP2 -->
