<?xml version="1.0" encoding="UTF-8"?>
<!-- Generated by org.testng.reporters.JUnitReportReporter -->
<testsuite hostname="DEVU" failures="0" tests="1" name="com.demoshop.test.RegisterationDP" time="36.880" errors="0" timestamp="2024-10-15T21:19:38 IST" skipped="0">
  <testcase classname="com.demoshop.test.RegisterationDP" name="verifyUserIsAbleToMultipleRegisterUsingCorrectCreds" time="36.880"/>
</testsuite> <!-- com.demoshop.test.RegisterationDP -->
