<?xml version="1.0" encoding="UTF-8"?>
<!-- Generated by org.testng.reporters.JUnitReportReporter -->
<testsuite hostname="DEVU" failures="0" tests="1" name="com.demoshop.test.RegisterationDP2" time="19.521" errors="0" timestamp="2024-10-11T09:56:49 IST" skipped="0">
  <testcase classname="com.demoshop.test.RegisterationDP2" name="verifyUserIsAbleToMultipleRegisterUsingCorrectCreds" time="19.521"/>
</testsuite> <!-- com.demoshop.test.RegisterationDP2 -->
