<?xml version="1.0" encoding="UTF-8"?>
<!-- Generated by org.testng.reporters.JUnitReportReporter -->
<testsuite hostname="DEVU" failures="0" tests="1" name="com.demoshop.test.CartTest" time="34.356" errors="0" timestamp="2024-10-04T13:48:44 IST" skipped="0">
  <testcase classname="com.demoshop.test.CartTest" name="verifyUserisAbleToAddCart" time="34.356"/>
</testsuite> <!-- com.demoshop.test.CartTest -->
