<?xml version="1.0" encoding="UTF-8"?>
<!-- Generated by org.testng.reporters.JUnitReportReporter -->
<testsuite hostname="DEVU" failures="0" tests="1" name="com.demoshop.test.E2ECheckoutTest" time="22.269" errors="0" timestamp="2024-10-09T11:38:55 IST" skipped="0">
  <testcase classname="com.demoshop.test.E2ECheckoutTest" name="verifyNewUserRegistersAndCheckoutProduct" time="22.269"/>
</testsuite> <!-- com.demoshop.test.E2ECheckoutTest -->
