<?xml version="1.0" encoding="UTF-8"?>
<!-- Generated by org.testng.reporters.JUnitReportReporter -->
<testsuite hostname="DEVU" failures="0" tests="1" name="com.demoshop.test.DiamondTest" time="17.849" errors="0" timestamp="2024-10-02T19:16:01 IST" skipped="0">
  <testcase classname="com.demoshop.test.DiamondTest" name="verifyToSearchProduct" time="17.849"/>
</testsuite> <!-- com.demoshop.test.DiamondTest -->
