<?xml version="1.0" encoding="UTF-8"?>
<!-- Generated by org.testng.reporters.JUnitReportReporter -->
<testsuite hostname="DEVU" failures="0" tests="1" name="com.demoshop.test.SubscriptionTest" time="39.593" errors="0" timestamp="2024-10-15T22:26:30 IST" skipped="0">
  <testcase classname="com.demoshop.test.SubscriptionTest" name="verifyUserIsAbleToSubscribeWithValidEmail" time="39.593"/>
</testsuite> <!-- com.demoshop.test.SubscriptionTest -->
