<?xml version="1.0" encoding="UTF-8"?>
<!-- Generated by org.testng.reporters.JUnitReportReporter -->
<testsuite hostname="DEVU" failures="0" tests="1" name="com.demoshop.test.E2ECheckoutTest" time="25.358" errors="0" timestamp="2024-10-11T09:23:03 IST" skipped="0">
  <testcase classname="com.demoshop.test.E2ECheckoutTest" name="verifyNewUserRegistersAndCheckoutProduct" time="25.358"/>
</testsuite> <!-- com.demoshop.test.E2ECheckoutTest -->
